<?xml version="1.0" encoding="UTF-8"?>
<!-- Generated by org.testng.reporters.JUnitReportReporter -->
<testsuite hostname="AcerPC" failures="0" tests="1" name="CheckLinks.CheckLinksTest" time="32.961" errors="0" timestamp="2021-07-29T19:48:41 COT" skipped="0">
  <testcase classname="CheckLinks.CheckLinksTest" name="f" time="32.961"/>
  <system-out/>
</testsuite> <!-- CheckLinks.CheckLinksTest -->
